<?xml version="1.0" encoding="UTF-8"?>
<testng-results skipped="0" failed="0" ignored="0" total="1" passed="1">
  <reporter-output>
  </reporter-output>
  <suite name="Default suite" duration-ms="24355" started-at="2019-10-15T13:54:46 EDT" finished-at="2019-10-15T13:55:11 EDT">
    <groups>
    </groups>
    <test name="Default test" duration-ms="24355" started-at="2019-10-15T13:54:46 EDT" finished-at="2019-10-15T13:55:11 EDT">
      <class name="MenuItems_Test">
        <test-method status="PASS" signature="beforeTest()[pri:0, instance:MenuItems_Test@4973813a]" name="beforeTest" is-config="true" duration-ms="6938" started-at="2019-10-15T13:54:46 EDT" finished-at="2019-10-15T13:54:53 EDT">
          <reporter-output>
          </reporter-output>
        </test-method> <!-- beforeTest -->
        <test-method status="PASS" signature="Menu_Items()[pri:1, instance:MenuItems_Test@4973813a]" name="Menu_Items" duration-ms="15806" started-at="2019-10-15T13:54:53 EDT" finished-at="2019-10-15T13:55:09 EDT">
          <reporter-output>
          </reporter-output>
        </test-method> <!-- Menu_Items -->
        <test-method status="PASS" signature="tearDown(org.testng.ITestResult)[pri:0, instance:MenuItems_Test@4973813a]" name="tearDown" is-config="true" duration-ms="385" started-at="2019-10-15T13:55:09 EDT" finished-at="2019-10-15T13:55:10 EDT">
          <params>
            <param index="0">
              <value>
                <![CDATA[[TestResult name=Menu_Items status=SUCCESS method=MenuItems_Test.Menu_Items()[pri:1, instance:MenuItems_Test@4973813a] output={null}]]]>
              </value>
            </param>
          </params>
          <reporter-output>
          </reporter-output>
        </test-method> <!-- tearDown -->
        <test-method status="PASS" signature="afterTest()[pri:0, instance:MenuItems_Test@4973813a]" name="afterTest" is-config="true" duration-ms="1183" started-at="2019-10-15T13:55:10 EDT" finished-at="2019-10-15T13:55:11 EDT">
          <reporter-output>
          </reporter-output>
        </test-method> <!-- afterTest -->
      </class> <!-- MenuItems_Test -->
    </test> <!-- Default test -->
  </suite> <!-- Default suite -->
</testng-results>
